+---------------------------------------------------------------------+
|  Log file: mau.characterize.log                                     |
|  Compiler version: 9.7.0 (da5115f)                                  |
|  Created on: Wed Aug  9 16:26:42 2023                               |
|  Run ID: 9a435881c698bbef                                           |
+---------------------------------------------------------------------+

Match+Action Resource Usage
-----------------------------------------------------------------------------------------------------------------------------------------------------------------------------------------------------------------------------------------------------------------------------------------------------------------------
|                  1                   |    2    |   3    |    4    |  5   |        6         |   7   |         8         |       9       |    10   |   11  |          12         |      13      |     14    |       15      |   16   |     17    |      18      |      19      |    20   |       21       |    22   |
|                Table                 |   Dir   | Stage  |    P4   | Mem  |      Total       | Total |       Table       |     Match     |   TCAM  |  SRAM |        Match        |     Imm.     |    TCAM   |      SRAM     |   P4   |   Action  |    Ideal     |    Actual    |   TCAM  |      SRAM      |   SRAM  |
|                 Name                 |         |        |  Lookup | Type |      SRAMs       | TCAMs |      Entries      |      Bits     |  Over-  | Over- |       Overhead      |    Action    |    Bits   |      Bits     | Action |    Bits   |    Match     |    Match     |  Match  |     Match      |  Action |
|                                      |         |        | Type(s) |      | TOT(M/A/S/MT/I)  |       |     Requested     |      Per      |   head  |  head |      Structure      |     Data     |    Per    |      Per      |  Bits  |    Per    |   Entries-   |   Entries-   | Packing |    Packing     | Packing |
|                                      |         |        |         |      |     (legend      |       |         /         |     Entry     |   Bits  |  Bits | NT/AI/AD/M/S/SL/V/I |      in      |   Entry   |     Entry     |        |   Entry   |    Number    |    Number    |   Eff.  |      Eff.      |   Eff.  |
|                                      |         |        |         |      |      below)      |       |     Allocated     |   R/A(diff)   |   Per   |  Per  |       (legend       |   Overhead   | R/A(diff) |   R/A(diff)   |        | R/A(diff) |     Per      |     Per      |  Ideal/ |     Ideal/     |  Ideal/ |
|                                      |         |        |         |      |                  |       |       (diff)      |               |  Entry  | Entry |        below)       |  R/A(diff)   |           |               |        |           |    Memory    |    Memory    |  Actual |     Actual     |  Actual |
|                                      |         |        |         |      |                  |       |                   |               | ver/vld |       |                     |              |           |               |        |           |    Units     |    Units     |         |                |         |
|                                      |         |        |         |      |                  |       |                   |               |         |       |                     |              |           |               |        |           |    (bits)    |    (bits)    |         |                |         |
-----------------------------------------------------------------------------------------------------------------------------------------------------------------------------------------------------------------------------------------------------------------------------------------------------------------------
|   ShcIngressParser.$PORT_METADATA    | ingress | parser |  exact  | buf  |  0 (0/0/0/0/0)   |   0   |   288 / 288 (0)   |   9 / 0 (-9)  |    0    |   0   |   0/0/0/0/0/0/0/0   | 64 / 0 (-64) | 0 / 0 (0) |   0 / 0 (0)   |   64   | 0 / 0 (0) | 1 in 2 (128) | 1 in 1 (64)  |  - / -  |     - / -      |  - / -  |
|                                      |         |        |         |      |                  |       |                   |               |         |       |                     |              |           |               |        |           |              |              |         |                |         |
|         ShcIngress.route_tbl         | ingress |   0    |  exact  | sram | 32 (32/0/0/0/0)  |   0   | 65536 / 65536 (0) | 64 / 52 (-12) |    0    |   4   |   0/0/0/0/0/0/4/0   |  0 / 0 (0)   | 0 / 0 (0) | 68 / 56 (-12) |   32   | 0 / 0 (0) | 2 in 1 (128) | 2 in 1 (128) |  - / -  | 100.0% / 79.7% |  - / -  |
|  ShcIngress.sk.count_pkt_num_table   | ingress |   0    |    -    | sram |  2 (0/0/0/2/0)   |   0   |     0 / 0 (0)     |   0 / 0 (0)   |    0    |   0   |   0/0/0/0/0/0/0/0   |  0 / 0 (0)   | 0 / 0 (0) |   0 / 0 (0)   |   0    | 0 / 0 (0) |  0 in 0 (0)  |  1 in 0 (0)  |  - / -  |     - / -      |  - / -  |
|  ShcIngress.sk.get_hash_value_table  | ingress |   0    |    -    |  -   |  0 (0/0/0/0/0)   |   0   |     0 / 0 (0)     |   0 / 0 (0)   |    0    |   0   |   0/0/0/0/0/0/0/0   |  0 / 0 (0)   | 0 / 0 (0) |   0 / 0 (0)   |   0    | 0 / 0 (0) |  0 in 0 (0)  |  0 in 0 (0)  |  - / -  |     - / -      |  - / -  |
|            stage 0 totals            |    -    |   -    |    -    |  -   | 34 (32/0/0/2/0)  |   0   |         -         |       -       |    -    |   -   |          -          |      -       |     -     |       -       |   -    |     -     |      -       |      -       |    -    |       -        |    -    |
|                                      |         |        |         |      |                  |       |                   |               |         |       |                     |              |           |               |        |           |              |              |         |                |         |
|   ShcIngress.sk.update_pkt_1_table   | ingress |   1    |    -    |  -   |  9 (0/0/0/9/0)   |   0   |     0 / 0 (0)     |   0 / 0 (0)   |    0    |   0   |   0/0/0/0/0/0/0/0   |  0 / 0 (0)   | 0 / 0 (0) |   0 / 0 (0)   |   0    | 0 / 0 (0) |  0 in 0 (0)  |  0 in 0 (0)  |  - / -  |     - / -      |  - / -  |
|            stage 1 totals            |    -    |   -    |    -    |  -   |  9 (0/0/0/9/0)   |   0   |         -         |       -       |    -    |   -   |          -          |      -       |     -     |       -       |   -    |     -     |      -       |      -       |    -    |       -        |    -    |
|                                      |         |        |         |      |                  |       |                   |               |         |       |                     |              |           |               |        |           |              |              |         |                |         |
| ShcIngress.sk.update_pkt_num_1_table | ingress |   2    |    -    |  -   |  5 (0/0/0/5/0)   |   0   |     0 / 0 (0)     |   0 / 0 (0)   |    0    |   0   |   0/0/0/0/0/0/0/0   |  0 / 0 (0)   | 0 / 0 (0) |   0 / 0 (0)   |   0    | 0 / 0 (0) |  0 in 0 (0)  |  0 in 0 (0)  |  - / -  |     - / -      |  - / -  |
|            stage 2 totals            |    -    |   -    |    -    |  -   |  5 (0/0/0/5/0)   |   0   |         -         |       -       |    -    |   -   |          -          |      -       |     -     |       -       |   -    |     -     |      -       |      -       |    -    |       -        |    -    |
|                                      |         |        |         |      |                  |       |                   |               |         |       |                     |              |           |               |        |           |              |              |         |                |         |
|     tbl_shc_real_time_sketch266      | ingress |   3    |    -    | sram |  0 (0/0/0/0/0)   |   0   |     0 / 0 (0)     |   0 / 0 (0)   |    0    |   0   |   0/0/0/0/0/0/0/0   |  0 / 0 (0)   | 0 / 0 (0) |   0 / 0 (0)   |   0    | 0 / 0 (0) |  0 in 0 (0)  |  1 in 0 (0)  |  - / -  |     - / -      |  - / -  |
|     tbl_shc_real_time_sketch269      | ingress |   3    |    -    | sram |  0 (0/0/0/0/0)   |   0   |     0 / 0 (0)     |   0 / 0 (0)   |    0    |   0   |   0/0/0/0/0/0/0/0   |  0 / 0 (0)   | 0 / 0 (0) |   0 / 0 (0)   |   0    | 0 / 0 (0) |  0 in 0 (0)  |  1 in 0 (0)  |  - / -  |     - / -      |  - / -  |
|            stage 3 totals            |    -    |   -    |    -    |  -   |  0 (0/0/0/0/0)   |   0   |         -         |       -       |    -    |   -   |          -          |      -       |     -     |       -       |   -    |     -     |      -       |      -       |    -    |       -        |    -    |
|                                      |         |        |         |      |                  |       |                   |               |         |       |                     |              |           |               |        |           |              |              |         |                |         |
|     tbl_shc_real_time_sketch322      | ingress |   4    |    -    | sram |  0 (0/0/0/0/0)   |   0   |     0 / 0 (0)     |   0 / 0 (0)   |    0    |   0   |   0/0/0/0/0/0/0/0   |  0 / 0 (0)   | 0 / 0 (0) |   0 / 0 (0)   |   0    | 0 / 0 (0) |  0 in 0 (0)  |  1 in 0 (0)  |  - / -  |     - / -      |  - / -  |
|     tbl_shc_real_time_sketch325      | ingress |   4    |    -    | sram |  0 (0/0/0/0/0)   |   0   |     0 / 0 (0)     |   0 / 0 (0)   |    0    |   0   |   0/0/0/0/0/0/0/0   |  0 / 0 (0)   | 0 / 0 (0) |   0 / 0 (0)   |   0    | 0 / 0 (0) |  0 in 0 (0)  |  1 in 0 (0)  |  - / -  |     - / -      |  - / -  |
|            stage 4 totals            |    -    |   -    |    -    |  -   |  0 (0/0/0/0/0)   |   0   |         -         |       -       |    -    |   -   |          -          |      -       |     -     |       -       |   -    |     -     |      -       |      -       |    -    |       -        |    -    |
|                                      |         |        |         |      |                  |       |                   |               |         |       |                     |              |           |               |        |           |              |              |         |                |         |
|       overall totals (ingress)       |    -    |   -    |    -    |  -   | 48 (32/0/0/16/0) |   0   |         -         |       -       |    -    |   -   |          -          |      -       |     -     |       -       |   -    |     -     |      -       |      -       |    -    |       -        |    -    |
|                                      |         |        |         |      |                  |       |                   |               |         |       |                     |              |           |               |        |           |              |              |         |                |         |
|       overall totals (egress)        |    -    |   -    |    -    |  -   |  0 (0/0/0/0/0)   |   0   |         -         |       -       |    -    |   -   |          -          |      -       |     -     |       -       |   -    |     -     |      -       |      -       |    -    |       -        |    -    |
|                                      |         |        |         |      |                  |       |                   |               |         |       |                     |              |           |               |        |           |              |              |         |                |         |
|            overall totals            |    -    |   -    |    -    |  -   | 48 (32/0/0/16/0) |   0   |         -         |       -       |    -    |   -   |          -          |      -       |     -     |       -       |   -    |     -     |      -       |      -       |    -    |       -        |    -    |
-----------------------------------------------------------------------------------------------------------------------------------------------------------------------------------------------------------------------------------------------------------------------------------------------------------------------

Total SRAMs Legend:
TOT (M/A/S/MT/I)
TOT = Total
M = Match
A = Action
S = Statistics
MT = Meter / Stateful / Selection
I = Ternary Indirection

Match Overhead Structure Legend:
NT/AI/AD/M/S/SL/V/I
NT = Next Table Pointer
AI = Action Instruction Pointer
AD = Action Data Pointer
M = Meter/Selection/Stateful Pointer
S = Statistics Pointer
SL = Selection Length
V = Entry Version
I = Immediate Action Data





+----------------------------------------------------------------+
    OVERHEAD STRUCTURES
+----------------------------------------------------------------+

+----------------------------------------------------------------+
   ShcIngress.route_tbl
+----------------------------------------------------------------+
Match Overhead:
  Field --version_valid-- [3:0] (4 bits)

  Total bits: 4
+----------------------------------------------------------------+
   ShcIngress.sk.count_pkt_num_table
+----------------------------------------------------------------+
Match Overhead:

  Total bits: 0
+----------------------------------------------------------------+
   ShcIngress.sk.get_hash_value_table
+----------------------------------------------------------------+
Match Overhead:

  Total bits: 0
+----------------------------------------------------------------+
   ShcIngress.sk.update_pkt_1_table
+----------------------------------------------------------------+
Match Overhead:

  Total bits: 0
+----------------------------------------------------------------+
   ShcIngress.sk.update_pkt_num_1_table
+----------------------------------------------------------------+
Match Overhead:

  Total bits: 0
+----------------------------------------------------------------+
   ShcIngressParser.$PORT_METADATA
+----------------------------------------------------------------+
Match Overhead:

  Total bits: 0
+----------------------------------------------------------------+
   tbl_shc_real_time_sketch266
+----------------------------------------------------------------+
Match Overhead:

  Total bits: 0
+----------------------------------------------------------------+
   tbl_shc_real_time_sketch269
+----------------------------------------------------------------+
Match Overhead:

  Total bits: 0
+----------------------------------------------------------------+
   tbl_shc_real_time_sketch322
+----------------------------------------------------------------+
Match Overhead:

  Total bits: 0
+----------------------------------------------------------------+
   tbl_shc_real_time_sketch325
+----------------------------------------------------------------+
Match Overhead:

  Total bits: 0





+----------------------------------------------------------------+
    MATCH AND ACTION FORMATS
+----------------------------------------------------------------+

+----------------------------------------------------------------+
  ShcIngress.route_tbl
+----------------------------------------------------------------+
+------------------------------------------------+
   Match format for ShcIngress.route_tbl
+------------------------------------------------+
Stage 0:
Pack Format:
  table_word_width: 128
  memory_word_width: 128
  entries_per_table_word: 2
  number_memory_units_per_table_word: 1
  entry_list: [
    entry_number : 1
    field_list : [
       Field action [0:0]                : in bits [1:1]
       Field version [3:0]               : in bits [115:112]
       Field hdr.ipv4.src_addr [15:13]   : in bits [7:5]
       Field hdr.ipv4.src_addr [23:16]   : in bits [95:88]
       Field hdr.ipv4.src_addr [31:24]   : in bits [103:96]
       Field hdr.ipv4.dst_addr [7:0]     : in bits [111:104]
       Field hdr.ipv4.dst_addr [15:8]    : in bits [15:8]
       Field hdr.ipv4.dst_addr [23:16]   : in bits [23:16]
       Field hdr.ipv4.dst_addr [31:24]   : in bits [31:24]
    ]
    entry_number : 0
    field_list : [
       Field action [0:0]                : in bits [0:0]
       Field version [3:0]               : in bits [83:80]
       Field hdr.ipv4.src_addr [15:13]   : in bits [87:85]
       Field hdr.ipv4.src_addr [23:16]   : in bits [39:32]
       Field hdr.ipv4.src_addr [31:24]   : in bits [47:40]
       Field hdr.ipv4.dst_addr [7:0]     : in bits [55:48]
       Field hdr.ipv4.dst_addr [15:8]    : in bits [63:56]
       Field hdr.ipv4.dst_addr [23:16]   : in bits [71:64]
       Field hdr.ipv4.dst_addr [31:24]   : in bits [79:72]
    ]
  ]
+----------------------------------------------------------------+
  ShcIngress.sk.count_pkt_num_table
+----------------------------------------------------------------+
+------------------------------------------------+
   Match format for ShcIngress.sk.count_pkt_num_table
+------------------------------------------------+
Stage 0:
No match entries required.
+----------------------------------------------------------------+
  ShcIngress.sk.get_hash_value_table
+----------------------------------------------------------------+
+------------------------------------------------+
   Match format for ShcIngress.sk.get_hash_value_table
+------------------------------------------------+
Stage 0:
No match entries required.
+----------------------------------------------------------------+
  ShcIngress.sk.update_pkt_1_table
+----------------------------------------------------------------+
+------------------------------------------------+
   Match format for ShcIngress.sk.update_pkt_1_table
+------------------------------------------------+
Stage 1:
No match entries required.
+----------------------------------------------------------------+
  ShcIngress.sk.update_pkt_num_1_table
+----------------------------------------------------------------+
+------------------------------------------------+
   Match format for ShcIngress.sk.update_pkt_num_1_table
+------------------------------------------------+
Stage 2:
No match entries required.
+----------------------------------------------------------------+
  ShcIngressParser.$PORT_METADATA
+----------------------------------------------------------------+
+------------------------------------------------+
   Match format for ShcIngressParser.$PORT_METADATA
+------------------------------------------------+
Stage -1:
Pack Format:
  table_word_width: 64
  memory_word_width: 64
  entries_per_table_word: 1
  number_memory_units_per_table_word: 1
  entry_list: [
    entry_number : 0
    field_list : [
       Field ig_intr_md [63:0]   : in bits [63:0]
    ]
  ]
+----------------------------------------------------------------+
  tbl_shc_real_time_sketch266
+----------------------------------------------------------------+
+------------------------------------------------+
   Match format for tbl_shc_real_time_sketch266
+------------------------------------------------+
Stage 3:
No match entries required.
+----------------------------------------------------------------+
  tbl_shc_real_time_sketch269
+----------------------------------------------------------------+
+------------------------------------------------+
   Match format for tbl_shc_real_time_sketch269
+------------------------------------------------+
Stage 3:
No match entries required.
+----------------------------------------------------------------+
  tbl_shc_real_time_sketch322
+----------------------------------------------------------------+
+------------------------------------------------+
   Match format for tbl_shc_real_time_sketch322
+------------------------------------------------+
Stage 4:
No match entries required.
+----------------------------------------------------------------+
  tbl_shc_real_time_sketch325
+----------------------------------------------------------------+
+------------------------------------------------+
   Match format for tbl_shc_real_time_sketch325
+------------------------------------------------+
Stage 4:
No match entries required.
