Parser Characterization Report:
Number of states on ingress: 9

Number of matches on ingress: 13

Longest path (9 states) on ingress:
    $entry_point
    start.$split_0
    parse_ipv4
    parse_ipv4.$split_0
    parse_udp
    parse_vxlan
    parse_vxlan.$split_0
    parse_inner_ipv4
    parse_inner_ipv4.$split_0

Average rate: 8.11111 Bps
Min packet size at 100 Gbps: 93 B (20 B payload)
Max data rate for min-sized packets: 78.08 Gbps / 133.699 MPps

Extractor usage:
+---------------------------+--------+-------+--------+--------+------------------+-------+
|State                      |Match   |8-bit  |16-bit  |32-bit  |Total Extractors  |Other  |
+---------------------------+--------+-------+--------+--------+------------------+-------+
|$entry_point               |*       |4      |1       |4       |9                 |       |
|start.$split_0             |0x0800  |1      |0       |0       |1                 |       |
|-                          |0x****  |1      |0       |0       |1                 |       |
|parse_ipv4                 |*       |1      |1       |4       |6                 |       |
|parse_ipv4.$split_0        |0x11    |0      |0       |3       |3                 |       |
|-                          |0x**    |0      |0       |3       |3                 |       |
|parse_udp                  |0x12b5  |1      |2       |1       |4                 |       |
|-                          |0x****  |1      |2       |1       |4                 |       |
|parse_vxlan                |*       |1      |4       |2       |7                 |       |
|parse_vxlan.$split_0       |0x0800  |0      |3       |0       |3                 |       |
|-                          |0x****  |0      |3       |0       |3                 |       |
|parse_inner_ipv4           |*       |4      |4       |2       |10                |       |
|parse_inner_ipv4.$split_0  |*       |1      |1       |0       |2                 |       |
+---------------------------+--------+-------+--------+--------+------------------+-------+
Number of states on egress: 1

Number of matches on egress: 1

Longest path (1 states) on egress:
    $entry_point.start

Timing is met for min-sized packet (73 B) running at 100 Gbps

Extractor usage:
+--------------------+-------+-------+--------+--------+------------------+-------+
|State               |Match  |8-bit  |16-bit  |32-bit  |Total Extractors  |Other  |
+--------------------+-------+-------+--------+--------+------------------+-------+
|$entry_point.start  |*      |0      |1       |0       |1                 |       |
+--------------------+-------+-------+--------+--------+------------------+-------+
