Allocation history of config default_alloc_config
1: TRYING to allocate SUPERCLUSTER Uid: 344
    slice lists:	
        [ ingress::ig_intr_md.ingress_mac_tstamp<48> ^0 ^bit[0..31] intrinsic [32:47]
          ingress::ig_intr_md.ingress_port<9> ^0 ^bit[0..15] intrinsic [0:8]
          ingress::ig_intr_md._pad2<3> intrinsic [0:2]
          ingress::ig_intr_md.packet_version<2> intrinsic [0:1]
          ingress::ig_intr_md._pad1<1> intrinsic [0:0]
          ingress::ig_intr_md.resubmit_flag<1> intrinsic [0:0] ]
        [ ingress::ig_md.time_stamp<48> ^0 meta [32:47] ]
        [ ingress::ig_intr_md_for_tm.ucast_egress_port<9> ^0 meta intrinsic solitary no_split deparsed_bottom_bits deparsed_to_tm [0:8] ]
    rotational clusters:	
        [[ingress::ig_md.time_stamp<48> ^0 meta [32:47]], [ingress::ig_intr_md.ingress_mac_tstamp<48> ^0 ^bit[0..31] intrinsic [32:47]]]
        [[ingress::ig_intr_md_for_tm.ucast_egress_port<9> ^0 meta intrinsic solitary no_split deparsed_bottom_bits deparsed_to_tm [0:8]], [ingress::ig_intr_md.ingress_port<9> ^0 ^bit[0..15] intrinsic [0:8]]]
        [[ingress::ig_intr_md._pad2<3> intrinsic [0:2]]]
        [[ingress::ig_intr_md.packet_version<2> intrinsic [0:1]]]
        [[ingress::ig_intr_md._pad1<1> intrinsic [0:0]]]
        [[ingress::ig_intr_md.resubmit_flag<1> intrinsic [0:0]]]
Successfully Allocated
By slicing into the following superclusters:
SUPERCLUSTER Uid: 429
    slice lists:	
        [ ingress::ig_intr_md.ingress_mac_tstamp<48> ^0 ^bit[0..31] intrinsic [32:47]
          ingress::ig_intr_md.ingress_port<9> ^0 ^bit[0..15] intrinsic [0:8]
          ingress::ig_intr_md._pad2<3> intrinsic [0:2]
          ingress::ig_intr_md.packet_version<2> intrinsic [0:1]
          ingress::ig_intr_md._pad1<1> intrinsic [0:0]
          ingress::ig_intr_md.resubmit_flag<1> intrinsic [0:0] ]
        [ ingress::ig_md.time_stamp<48> ^0 meta [32:47] ]
        [ ingress::ig_intr_md_for_tm.ucast_egress_port<9> ^0 meta intrinsic solitary no_split deparsed_bottom_bits deparsed_to_tm [0:8] ]
    rotational clusters:	
        [[ingress::ig_md.time_stamp<48> ^0 meta [32:47]], [ingress::ig_intr_md.ingress_mac_tstamp<48> ^0 ^bit[0..31] intrinsic [32:47]]]
        [[ingress::ig_intr_md_for_tm.ucast_egress_port<9> ^0 meta intrinsic solitary no_split deparsed_bottom_bits deparsed_to_tm [0:8]], [ingress::ig_intr_md.ingress_port<9> ^0 ^bit[0..15] intrinsic [0:8]]]
        [[ingress::ig_intr_md._pad2<3> intrinsic [0:2]]]
        [[ingress::ig_intr_md.packet_version<2> intrinsic [0:1]]]
        [[ingress::ig_intr_md._pad1<1> intrinsic [0:0]]]
        [[ingress::ig_intr_md.resubmit_flag<1> intrinsic [0:0]]]

Best Score: {[n_inc_containers: 3, n_wasted_bits: 23, ], }
Allocation Decisions:
allocate: W0[0:15] <- ingress::ig_intr_md.ingress_mac_tstamp<48> ^0 ^bit[0..31] intrinsic [32:47]
allocate: W0[16:24] <- ingress::ig_intr_md.ingress_port<9> ^0 ^bit[0..15] intrinsic [0:8]
allocate: W1[0:15] <- ingress::ig_md.time_stamp<48> ^0 meta [32:47]
allocate: W2[0:8] <- ingress::ig_intr_md_for_tm.ucast_egress_port<9> ^0 meta intrinsic solitary no_split deparsed_bottom_bits deparsed_to_tm [0:8]
2: TRYING to allocate SUPERCLUSTER Uid: 396
    slice lists:	[ ]
    rotational clusters:	
        [[ingress::ig_intr_md_for_dprsr.digest_type<3> meta intrinsic solitary no_split deparsed_bottom_bits [0:2]]]
Successfully Allocated
By slicing into the following superclusters:
SUPERCLUSTER Uid: 461
    slice lists:	[ ]
    rotational clusters:	
        [[ingress::ig_intr_md_for_dprsr.digest_type<3> meta intrinsic solitary no_split deparsed_bottom_bits [0:2]]]

Best Score: {[n_inc_containers: 1, n_wasted_bits: 5, n_inc_small_containers: 1, ], }
Allocation Decisions:
allocate: B0[0:2] <- ingress::ig_intr_md_for_dprsr.digest_type<3> meta intrinsic solitary no_split deparsed_bottom_bits [0:2]
3: TRYING to allocate SUPERCLUSTER Uid: 402
    slice lists:	
        [ egress::eg_intr_md.egress_port<9> ^0 ^bit[0..15] intrinsic no_split deparsed_bottom_bits deparsed_to_tm [0:8]
          egress::eg_intr_md._pad0<7> intrinsic deparsed_to_tm [0:6] ]
    rotational clusters:	
        [[egress::eg_intr_md.egress_port<9> ^0 ^bit[0..15] intrinsic no_split deparsed_bottom_bits deparsed_to_tm [0:8]]]
        [[egress::eg_intr_md._pad0<7> intrinsic deparsed_to_tm [0:6]]]
Successfully Allocated
By slicing into the following superclusters:
SUPERCLUSTER Uid: 465
    slice lists:	
        [ egress::eg_intr_md.egress_port<9> ^0 ^bit[0..15] intrinsic no_split deparsed_bottom_bits deparsed_to_tm [0:8]
          egress::eg_intr_md._pad0<7> intrinsic deparsed_to_tm [0:6] ]
    rotational clusters:	
        [[egress::eg_intr_md.egress_port<9> ^0 ^bit[0..15] intrinsic no_split deparsed_bottom_bits deparsed_to_tm [0:8]]]
        [[egress::eg_intr_md._pad0<7> intrinsic deparsed_to_tm [0:6]]]

Best Score: {[n_inc_containers: 1, n_inc_small_containers: 1, ], }
Allocation Decisions:
allocate: H16[0:8] <- egress::eg_intr_md.egress_port<9> ^0 ^bit[0..15] intrinsic no_split deparsed_bottom_bits deparsed_to_tm [0:8]
4: TRYING to allocate SUPERCLUSTER Uid: 395
    slice lists:	[ ]
    rotational clusters:	
        [[ingress::ig_intr_md_for_tm.bypass_egress<1> meta intrinsic no_split deparsed_to_tm [0:0]]]
Successfully Allocated
By slicing into the following superclusters:
SUPERCLUSTER Uid: 466
    slice lists:	[ ]
    rotational clusters:	
        [[ingress::ig_intr_md_for_tm.bypass_egress<1> meta intrinsic no_split deparsed_to_tm [0:0]]]

Best Score: {[n_inc_containers: 1, n_inc_small_containers: 1, ], }
Allocation Decisions:
allocate: B1[0:0] <- ingress::ig_intr_md_for_tm.bypass_egress<1> meta intrinsic no_split deparsed_to_tm [0:0]
5: TRYING to allocate SUPERCLUSTER Uid: 305
    slice lists:	
        [ ingress::hdr.ipv4.protocol<8> ^0 ^bit[0..79] deparsed exact_containers [0:7]
          ingress::hdr.ipv4.ttl<8> ^0 ^bit[0..71] deparsed exact_containers [0:7]
          ingress::hdr.ipv4.frag_offset<13> ^0 ^bit[0..63] deparsed exact_containers [0:12]
          ingress::hdr.ipv4.flags<3> ^5 ^bit[0..50] deparsed exact_containers [0:2] ]
    rotational clusters:	
        [[ingress::hdr.ipv4.protocol<8> ^0 ^bit[0..79] deparsed exact_containers [0:7]]]
        [[ingress::hdr.ipv4.ttl<8> ^0 ^bit[0..71] deparsed exact_containers [0:7]]]
        [[ingress::hdr.ipv4.frag_offset<13> ^0 ^bit[0..63] deparsed exact_containers [0:12]]]
        [[ingress::hdr.ipv4.flags<3> ^5 ^bit[0..50] deparsed exact_containers [0:2]]]
Successfully Allocated
By slicing into the following superclusters:
SUPERCLUSTER Uid: 471
    slice lists:	
        [ ingress::hdr.ipv4.protocol<8> ^0 ^bit[0..79] deparsed exact_containers [0:7]
          ingress::hdr.ipv4.ttl<8> ^0 ^bit[0..71] deparsed exact_containers [0:7]
          ingress::hdr.ipv4.frag_offset<13> ^0 ^bit[0..63] deparsed exact_containers [0:12]
          ingress::hdr.ipv4.flags<3> ^5 ^bit[0..50] deparsed exact_containers [0:2] ]
    rotational clusters:	
        [[ingress::hdr.ipv4.protocol<8> ^0 ^bit[0..79] deparsed exact_containers [0:7]]]
        [[ingress::hdr.ipv4.ttl<8> ^0 ^bit[0..71] deparsed exact_containers [0:7]]]
        [[ingress::hdr.ipv4.frag_offset<13> ^0 ^bit[0..63] deparsed exact_containers [0:12]]]
        [[ingress::hdr.ipv4.flags<3> ^5 ^bit[0..50] deparsed exact_containers [0:2]]]

Best Score: {n_inc_tphv_collections: 1, T[n_set_gress: 1, n_set_parser_group_gress: 1, n_set_deparser_group_gress: 1, n_inc_containers: 1, ], }
Allocation Decisions:
allocate: TW0[0:7] <- ingress::hdr.ipv4.protocol<8> ^0 ^bit[0..79] deparsed exact_containers [0:7]
allocate: TW0[8:15] <- ingress::hdr.ipv4.ttl<8> ^0 ^bit[0..71] deparsed exact_containers [0:7]
allocate: TW0[16:28] <- ingress::hdr.ipv4.frag_offset<13> ^0 ^bit[0..63] deparsed exact_containers [0:12]
allocate: TW0[29:31] <- ingress::hdr.ipv4.flags<3> ^5 ^bit[0..50] deparsed exact_containers [0:2]
6: TRYING to allocate SUPERCLUSTER Uid: 389
    slice lists:	
        [ ingress::hdr.inner_ipv4.protocol<8> ^0 ^bit[0..79] deparsed exact_containers [0:7]
          ingress::hdr.inner_ipv4.ttl<8> ^0 ^bit[0..71] deparsed exact_containers [0:7]
          ingress::hdr.inner_ipv4.frag_offset<13> ^0 ^bit[0..63] deparsed exact_containers [0:12]
          ingress::hdr.inner_ipv4.flags<3> ^5 ^bit[0..50] deparsed exact_containers [0:2] ]
    rotational clusters:	
        [[ingress::hdr.inner_ipv4.protocol<8> ^0 ^bit[0..79] deparsed exact_containers [0:7]]]
        [[ingress::hdr.inner_ipv4.ttl<8> ^0 ^bit[0..71] deparsed exact_containers [0:7]]]
        [[ingress::hdr.inner_ipv4.frag_offset<13> ^0 ^bit[0..63] deparsed exact_containers [0:12]]]
        [[ingress::hdr.inner_ipv4.flags<3> ^5 ^bit[0..50] deparsed exact_containers [0:2]]]
Successfully Allocated
By slicing into the following superclusters:
SUPERCLUSTER Uid: 502
    slice lists:	
        [ ingress::hdr.inner_ipv4.protocol<8> ^0 ^bit[0..79] deparsed exact_containers [0:7]
          ingress::hdr.inner_ipv4.ttl<8> ^0 ^bit[0..71] deparsed exact_containers [0:7]
          ingress::hdr.inner_ipv4.frag_offset<13> ^0 ^bit[0..63] deparsed exact_containers [0:12]
          ingress::hdr.inner_ipv4.flags<3> ^5 ^bit[0..50] deparsed exact_containers [0:2] ]
    rotational clusters:	
        [[ingress::hdr.inner_ipv4.protocol<8> ^0 ^bit[0..79] deparsed exact_containers [0:7]]]
        [[ingress::hdr.inner_ipv4.ttl<8> ^0 ^bit[0..71] deparsed exact_containers [0:7]]]
        [[ingress::hdr.inner_ipv4.frag_offset<13> ^0 ^bit[0..63] deparsed exact_containers [0:12]]]
        [[ingress::hdr.inner_ipv4.flags<3> ^5 ^bit[0..50] deparsed exact_containers [0:2]]]

Best Score: {T[n_set_parser_group_gress: 1, n_inc_containers: 1, ], }
Allocation Decisions:
allocate: TW1[0:7] <- ingress::hdr.inner_ipv4.protocol<8> ^0 ^bit[0..79] deparsed exact_containers [0:7]
allocate: TW1[8:15] <- ingress::hdr.inner_ipv4.ttl<8> ^0 ^bit[0..71] deparsed exact_containers [0:7]
allocate: TW1[16:28] <- ingress::hdr.inner_ipv4.frag_offset<13> ^0 ^bit[0..63] deparsed exact_containers [0:12]
allocate: TW1[29:31] <- ingress::hdr.inner_ipv4.flags<3> ^5 ^bit[0..50] deparsed exact_containers [0:2]
7: TRYING to allocate SUPERCLUSTER Uid: 307
    slice lists:	
        [ ingress::hdr.ipv4.identification<16> ^0 ^bit[0..47] deparsed exact_containers [0:15]
          ingress::hdr.ipv4.total_len<16> ^0 ^bit[0..31] deparsed exact_containers [0:15] ]
    rotational clusters:	
        [[ingress::hdr.ipv4.identification<16> ^0 ^bit[0..47] deparsed exact_containers [0:15]]]
        [[ingress::hdr.ipv4.total_len<16> ^0 ^bit[0..31] deparsed exact_containers [0:15]]]
Successfully Allocated
By slicing into the following superclusters:
SUPERCLUSTER Uid: 533
    slice lists:	
        [ ingress::hdr.ipv4.identification<16> ^0 ^bit[0..47] deparsed exact_containers [0:15]
          ingress::hdr.ipv4.total_len<16> ^0 ^bit[0..31] deparsed exact_containers [0:15] ]
    rotational clusters:	
        [[ingress::hdr.ipv4.identification<16> ^0 ^bit[0..47] deparsed exact_containers [0:15]]]
        [[ingress::hdr.ipv4.total_len<16> ^0 ^bit[0..31] deparsed exact_containers [0:15]]]

Best Score: {T[n_set_parser_group_gress: 1, n_inc_containers: 1, ], }
Allocation Decisions:
allocate: TW2[0:15] <- ingress::hdr.ipv4.identification<16> ^0 ^bit[0..47] deparsed exact_containers [0:15]
allocate: TW2[16:31] <- ingress::hdr.ipv4.total_len<16> ^0 ^bit[0..31] deparsed exact_containers [0:15]
8: TRYING to allocate SUPERCLUSTER Uid: 349
    slice lists:	
        [ ingress::hdr.udp.checksum<16> ^0 ^bit[0..63] deparsed exact_containers [0:15]
          ingress::hdr.udp.length<16> ^0 ^bit[0..47] deparsed exact_containers [0:15] ]
    rotational clusters:	
        [[ingress::hdr.udp.checksum<16> ^0 ^bit[0..63] deparsed exact_containers [0:15]]]
        [[ingress::hdr.udp.length<16> ^0 ^bit[0..47] deparsed exact_containers [0:15]]]
Successfully Allocated
By slicing into the following superclusters:
SUPERCLUSTER Uid: 568
    slice lists:	
        [ ingress::hdr.udp.checksum<16> ^0 ^bit[0..63] deparsed exact_containers [0:15]
          ingress::hdr.udp.length<16> ^0 ^bit[0..47] deparsed exact_containers [0:15] ]
    rotational clusters:	
        [[ingress::hdr.udp.checksum<16> ^0 ^bit[0..63] deparsed exact_containers [0:15]]]
        [[ingress::hdr.udp.length<16> ^0 ^bit[0..47] deparsed exact_containers [0:15]]]

Best Score: {T[n_set_parser_group_gress: 1, n_inc_containers: 1, ], }
Allocation Decisions:
allocate: TW3[0:15] <- ingress::hdr.udp.checksum<16> ^0 ^bit[0..63] deparsed exact_containers [0:15]
allocate: TW3[16:31] <- ingress::hdr.udp.length<16> ^0 ^bit[0..47] deparsed exact_containers [0:15]
9: TRYING to allocate SUPERCLUSTER Uid: 351
    slice lists:	
        [ ingress::hdr.udp.dst_port<16> ^0 ^bit[0..31] deparsed exact_containers [0:15]
          ingress::hdr.udp.src_port<16> ^0 ^bit[0..15] deparsed exact_containers [0:15] ]
    rotational clusters:	
        [[ingress::hdr.udp.dst_port<16> ^0 ^bit[0..31] deparsed exact_containers [0:15]]]
        [[ingress::hdr.udp.src_port<16> ^0 ^bit[0..15] deparsed exact_containers [0:15]]]
Successfully Allocated
By slicing into the following superclusters:
SUPERCLUSTER Uid: 604
    slice lists:	
        [ ingress::hdr.udp.dst_port<16> ^0 ^bit[0..31] deparsed exact_containers [0:15] ]
    rotational clusters:	
        [[ingress::hdr.udp.dst_port<16> ^0 ^bit[0..31] deparsed exact_containers [0:15]]]

SUPERCLUSTER Uid: 606
    slice lists:	
        [ ingress::hdr.udp.src_port<16> ^0 ^bit[0..15] deparsed exact_containers [0:15] ]
    rotational clusters:	
        [[ingress::hdr.udp.src_port<16> ^0 ^bit[0..15] deparsed exact_containers [0:15]]]

Best Score: {T[n_set_parser_group_gress: 2, n_inc_containers: 2, ], }
Allocation Decisions:
allocate: TH0[0:15] <- ingress::hdr.udp.dst_port<16> ^0 ^bit[0..31] deparsed exact_containers [0:15]
allocate: TH1[0:15] <- ingress::hdr.udp.src_port<16> ^0 ^bit[0..15] deparsed exact_containers [0:15]
10: TRYING to allocate SUPERCLUSTER Uid: 356
    slice lists:	
        [ ingress::hdr.vxlan.reserved2<8> ^0 ^bit[0..63] deparsed exact_containers [0:7]
          ingress::hdr.vxlan.vni<24> ^0 ^bit[0..55] deparsed exact_containers [0:23] ]
    rotational clusters:	
        [[ingress::hdr.vxlan.reserved2<8> ^0 ^bit[0..63] deparsed exact_containers [0:7]]]
        [[ingress::hdr.vxlan.vni<24> ^0 ^bit[0..55] deparsed exact_containers [0:23]]]
Successfully Allocated
By slicing into the following superclusters:
SUPERCLUSTER Uid: 664
    slice lists:	
        [ ingress::hdr.vxlan.reserved2<8> ^0 ^bit[0..63] deparsed exact_containers [0:7]
          ingress::hdr.vxlan.vni<24> ^0 ^bit[0..55] deparsed exact_containers [0:7] ]
    rotational clusters:	
        [[ingress::hdr.vxlan.reserved2<8> ^0 ^bit[0..63] deparsed exact_containers [0:7]]]
        [[ingress::hdr.vxlan.vni<24> ^0 ^bit[0..55] deparsed exact_containers [0:7]]]

SUPERCLUSTER Uid: 666
    slice lists:	
        [ ingress::hdr.vxlan.vni<24> ^0 ^bit[0..47] deparsed exact_containers [8:23] ]
    rotational clusters:	
        [[ingress::hdr.vxlan.vni<24> ^0 ^bit[0..47] deparsed exact_containers [8:23]]]

Best Score: {T[n_set_parser_group_gress: 2, n_inc_containers: 2, ], }
Allocation Decisions:
allocate: TH2[0:7] <- ingress::hdr.vxlan.reserved2<8> ^0 ^bit[0..63] deparsed exact_containers [0:7]
allocate: TH2[8:15] <- ingress::hdr.vxlan.vni<24> ^0 ^bit[0..55] deparsed exact_containers [0:7]
allocate: TH3[0:15] <- ingress::hdr.vxlan.vni<24> ^0 ^bit[0..47] deparsed exact_containers [8:23]
11: TRYING to allocate SUPERCLUSTER Uid: 358
    slice lists:	
        [ ingress::hdr.vxlan.reserved<24> ^0 ^bit[0..31] deparsed exact_containers [0:23]
          ingress::hdr.vxlan.flags<8> ^0 ^bit[0..7] deparsed exact_containers [0:7] ]
    rotational clusters:	
        [[ingress::hdr.vxlan.reserved<24> ^0 ^bit[0..31] deparsed exact_containers [0:23]]]
        [[ingress::hdr.vxlan.flags<8> ^0 ^bit[0..7] deparsed exact_containers [0:7]]]
Successfully Allocated
By slicing into the following superclusters:
SUPERCLUSTER Uid: 683
    slice lists:	
        [ ingress::hdr.vxlan.reserved<24> ^0 ^bit[0..31] deparsed exact_containers [0:15] ]
    rotational clusters:	
        [[ingress::hdr.vxlan.reserved<24> ^0 ^bit[0..31] deparsed exact_containers [0:15]]]

SUPERCLUSTER Uid: 684
    slice lists:	
        [ ingress::hdr.vxlan.reserved<24> ^0 ^bit[0..15] deparsed exact_containers [16:23]
          ingress::hdr.vxlan.flags<8> ^0 ^bit[0..7] deparsed exact_containers [0:7] ]
    rotational clusters:	
        [[ingress::hdr.vxlan.reserved<24> ^0 ^bit[0..15] deparsed exact_containers [16:23]]]
        [[ingress::hdr.vxlan.flags<8> ^0 ^bit[0..7] deparsed exact_containers [0:7]]]

Best Score: {T[n_set_parser_group_gress: 2, n_inc_containers: 2, ], }
Allocation Decisions:
allocate: TH4[0:15] <- ingress::hdr.vxlan.reserved<24> ^0 ^bit[0..31] deparsed exact_containers [0:15]
allocate: TH5[0:7] <- ingress::hdr.vxlan.reserved<24> ^0 ^bit[0..15] deparsed exact_containers [16:23]
allocate: TH5[8:15] <- ingress::hdr.vxlan.flags<8> ^0 ^bit[0..7] deparsed exact_containers [0:7]
12: TRYING to allocate SUPERCLUSTER Uid: 391
    slice lists:	
        [ ingress::hdr.inner_ipv4.identification<16> ^0 ^bit[0..47] deparsed exact_containers [0:15]
          ingress::hdr.inner_ipv4.total_len<16> ^0 ^bit[0..31] deparsed exact_containers [0:15] ]
    rotational clusters:	
        [[ingress::hdr.inner_ipv4.identification<16> ^0 ^bit[0..47] deparsed exact_containers [0:15]]]
        [[ingress::hdr.inner_ipv4.total_len<16> ^0 ^bit[0..31] deparsed exact_containers [0:15]]]
Successfully Allocated
By slicing into the following superclusters:
SUPERCLUSTER Uid: 723
    slice lists:	
        [ ingress::hdr.inner_ipv4.identification<16> ^0 ^bit[0..47] deparsed exact_containers [0:7] ]
    rotational clusters:	
        [[ingress::hdr.inner_ipv4.identification<16> ^0 ^bit[0..47] deparsed exact_containers [0:7]]]

SUPERCLUSTER Uid: 724
    slice lists:	
        [ ingress::hdr.inner_ipv4.identification<16> ^0 ^bit[0..39] deparsed exact_containers [8:15] ]
    rotational clusters:	
        [[ingress::hdr.inner_ipv4.identification<16> ^0 ^bit[0..39] deparsed exact_containers [8:15]]]

SUPERCLUSTER Uid: 731
    slice lists:	
        [ ingress::hdr.inner_ipv4.total_len<16> ^0 ^bit[0..31] deparsed exact_containers [0:7] ]
    rotational clusters:	
        [[ingress::hdr.inner_ipv4.total_len<16> ^0 ^bit[0..31] deparsed exact_containers [0:7]]]

SUPERCLUSTER Uid: 732
    slice lists:	
        [ ingress::hdr.inner_ipv4.total_len<16> ^0 ^bit[0..23] deparsed exact_containers [8:15] ]
    rotational clusters:	
        [[ingress::hdr.inner_ipv4.total_len<16> ^0 ^bit[0..23] deparsed exact_containers [8:15]]]

Best Score: {T[n_set_parser_group_gress: 4, n_inc_containers: 4, ], }
Allocation Decisions:
allocate: TB0[0:7] <- ingress::hdr.inner_ipv4.identification<16> ^0 ^bit[0..47] deparsed exact_containers [0:7]
allocate: TB1[0:7] <- ingress::hdr.inner_ipv4.identification<16> ^0 ^bit[0..39] deparsed exact_containers [8:15]
allocate: TB2[0:7] <- ingress::hdr.inner_ipv4.total_len<16> ^0 ^bit[0..31] deparsed exact_containers [0:7]
allocate: TB3[0:7] <- ingress::hdr.inner_ipv4.total_len<16> ^0 ^bit[0..23] deparsed exact_containers [8:15]
13: TRYING to allocate SUPERCLUSTER Uid: 290
    slice lists:	
        [ ingress::hdr.ethernet.src_addr<48> ^0 ^bit[0..223] deparsed exact_containers [0:31] ]
    rotational clusters:	
        [[ingress::hdr.ethernet.src_addr<48> ^0 ^bit[0..223] deparsed exact_containers [0:31]]]
Successfully Allocated
By slicing into the following superclusters:
SUPERCLUSTER Uid: 743
    slice lists:	
        [ ingress::hdr.ethernet.src_addr<48> ^0 ^bit[0..223] deparsed exact_containers [0:31] ]
    rotational clusters:	
        [[ingress::hdr.ethernet.src_addr<48> ^0 ^bit[0..223] deparsed exact_containers [0:31]]]

Best Score: {n_inc_tphv_collections: 1, T[n_set_gress: 1, n_set_parser_group_gress: 1, n_set_deparser_group_gress: 1, n_inc_containers: 1, ], }
Allocation Decisions:
allocate: TW4[0:31] <- ingress::hdr.ethernet.src_addr<48> ^0 ^bit[0..223] deparsed exact_containers [0:31]
14: TRYING to allocate SUPERCLUSTER Uid: 297
    slice lists:	
        [ ingress::hdr.ethernet.dst_addr<48> ^0 ^bit[0..175] deparsed exact_containers [0:31] ]
    rotational clusters:	
        [[ingress::hdr.ethernet.dst_addr<48> ^0 ^bit[0..175] deparsed exact_containers [0:31]]]
Successfully Allocated
By slicing into the following superclusters:
SUPERCLUSTER Uid: 786
    slice lists:	
        [ ingress::hdr.ethernet.dst_addr<48> ^0 ^bit[0..175] deparsed exact_containers [0:31] ]
    rotational clusters:	
        [[ingress::hdr.ethernet.dst_addr<48> ^0 ^bit[0..175] deparsed exact_containers [0:31]]]

Best Score: {T[n_set_parser_group_gress: 1, n_inc_containers: 1, ], }
Allocation Decisions:
allocate: TW5[0:31] <- ingress::hdr.ethernet.dst_addr<48> ^0 ^bit[0..175] deparsed exact_containers [0:31]
15: TRYING to allocate SUPERCLUSTER Uid: 315
    slice lists:	
        [ ingress::hdr.ipv4.src_addr<32> ^0 ^bit[0..127] deparsed exact_containers [0:31] ]
    rotational clusters:	
        [[ingress::hdr.ipv4.src_addr<32> ^0 ^bit[0..127] deparsed exact_containers [0:31]]]
Successfully Allocated
By slicing into the following superclusters:
SUPERCLUSTER Uid: 829
    slice lists:	
        [ ingress::hdr.ipv4.src_addr<32> ^0 ^bit[0..127] deparsed exact_containers [0:31] ]
    rotational clusters:	
        [[ingress::hdr.ipv4.src_addr<32> ^0 ^bit[0..127] deparsed exact_containers [0:31]]]

Best Score: {[n_inc_containers: 1, ], }
Allocation Decisions:
allocate: W3[0:31] <- ingress::hdr.ipv4.src_addr<32> ^0 ^bit[0..127] deparsed exact_containers [0:31]
16: TRYING to allocate SUPERCLUSTER Uid: 320
    slice lists:	
        [ ingress::hdr.ipv4.dst_addr<32> ^0 ^bit[0..159] deparsed exact_containers [0:31] ]
    rotational clusters:	
        [[ingress::hdr.ipv4.dst_addr<32> ^0 ^bit[0..159] deparsed exact_containers [0:31]]]
Successfully Allocated
By slicing into the following superclusters:
SUPERCLUSTER Uid: 872
    slice lists:	
        [ ingress::hdr.ipv4.dst_addr<32> ^0 ^bit[0..159] deparsed exact_containers [0:31] ]
    rotational clusters:	
        [[ingress::hdr.ipv4.dst_addr<32> ^0 ^bit[0..159] deparsed exact_containers [0:31]]]

Best Score: {[n_inc_containers: 1, ], }
Allocation Decisions:
allocate: W4[0:31] <- ingress::hdr.ipv4.dst_addr<32> ^0 ^bit[0..159] deparsed exact_containers [0:31]
17: TRYING to allocate SUPERCLUSTER Uid: 370
    slice lists:	
        [ ingress::hdr.inner_ethernet.src_addr<48> ^0 ^bit[0..159] deparsed exact_containers [0:31] ]
    rotational clusters:	
        [[ingress::hdr.inner_ethernet.src_addr<48> ^0 ^bit[0..159] deparsed exact_containers [0:31]]]
Successfully Allocated
By slicing into the following superclusters:
SUPERCLUSTER Uid: 915
    slice lists:	
        [ ingress::hdr.inner_ethernet.src_addr<48> ^0 ^bit[0..159] deparsed exact_containers [0:31] ]
    rotational clusters:	
        [[ingress::hdr.inner_ethernet.src_addr<48> ^0 ^bit[0..159] deparsed exact_containers [0:31]]]

Best Score: {T[n_set_parser_group_gress: 1, n_inc_containers: 1, ], }
Allocation Decisions:
allocate: TW6[0:31] <- ingress::hdr.inner_ethernet.src_addr<48> ^0 ^bit[0..159] deparsed exact_containers [0:31]
18: TRYING to allocate SUPERCLUSTER Uid: 377
    slice lists:	
        [ ingress::hdr.inner_ethernet.dst_addr<48> ^0 ^bit[0..111] deparsed exact_containers [0:31] ]
    rotational clusters:	
        [[ingress::hdr.inner_ethernet.dst_addr<48> ^0 ^bit[0..111] deparsed exact_containers [0:31]]]
Successfully Allocated
By slicing into the following superclusters:
SUPERCLUSTER Uid: 958
    slice lists:	
        [ ingress::hdr.inner_ethernet.dst_addr<48> ^0 ^bit[0..111] deparsed exact_containers [0:31] ]
    rotational clusters:	
        [[ingress::hdr.inner_ethernet.dst_addr<48> ^0 ^bit[0..111] deparsed exact_containers [0:31]]]

Best Score: {T[n_set_parser_group_gress: 1, n_inc_containers: 1, ], }
Allocation Decisions:
allocate: TW7[0:31] <- ingress::hdr.inner_ethernet.dst_addr<48> ^0 ^bit[0..111] deparsed exact_containers [0:31]
19: TRYING to allocate SUPERCLUSTER Uid: 386
    slice lists:	
        [ ingress::hdr.inner_ipv4.dst_addr<32> ^0 ^bit[0..159] deparsed exact_containers [0:31] ]
    rotational clusters:	
        [[ingress::hdr.inner_ipv4.dst_addr<32> ^0 ^bit[0..159] deparsed exact_containers [0:31]]]
Successfully Allocated
By slicing into the following superclusters:
SUPERCLUSTER Uid: 1006
    slice lists:	
        [ ingress::hdr.inner_ipv4.dst_addr<32> ^0 ^bit[0..159] deparsed exact_containers [0:15] ]
    rotational clusters:	
        [[ingress::hdr.inner_ipv4.dst_addr<32> ^0 ^bit[0..159] deparsed exact_containers [0:15]]]

SUPERCLUSTER Uid: 1008
    slice lists:	
        [ ingress::hdr.inner_ipv4.dst_addr<32> ^0 ^bit[0..143] deparsed exact_containers [16:31] ]
    rotational clusters:	
        [[ingress::hdr.inner_ipv4.dst_addr<32> ^0 ^bit[0..143] deparsed exact_containers [16:31]]]

Best Score: {T[n_set_parser_group_gress: 2, n_inc_containers: 2, ], }
Allocation Decisions:
allocate: TH6[0:15] <- ingress::hdr.inner_ipv4.dst_addr<32> ^0 ^bit[0..159] deparsed exact_containers [0:15]
allocate: TH7[0:15] <- ingress::hdr.inner_ipv4.dst_addr<32> ^0 ^bit[0..143] deparsed exact_containers [16:31]
20: TRYING to allocate SUPERCLUSTER Uid: 388
    slice lists:	
        [ ingress::hdr.inner_ipv4.src_addr<32> ^0 ^bit[0..127] deparsed exact_containers [0:31] ]
    rotational clusters:	
        [[ingress::hdr.inner_ipv4.src_addr<32> ^0 ^bit[0..127] deparsed exact_containers [0:31]]]
Successfully Allocated
By slicing into the following superclusters:
SUPERCLUSTER Uid: 1049
    slice lists:	
        [ ingress::hdr.inner_ipv4.src_addr<32> ^0 ^bit[0..127] deparsed exact_containers [0:15] ]
    rotational clusters:	
        [[ingress::hdr.inner_ipv4.src_addr<32> ^0 ^bit[0..127] deparsed exact_containers [0:15]]]

SUPERCLUSTER Uid: 1051
    slice lists:	
        [ ingress::hdr.inner_ipv4.src_addr<32> ^0 ^bit[0..111] deparsed exact_containers [16:31] ]
    rotational clusters:	
        [[ingress::hdr.inner_ipv4.src_addr<32> ^0 ^bit[0..111] deparsed exact_containers [16:31]]]

Best Score: {T[n_set_parser_group_gress: 2, n_inc_containers: 2, ], }
Allocation Decisions:
allocate: TH8[0:15] <- ingress::hdr.inner_ipv4.src_addr<32> ^0 ^bit[0..127] deparsed exact_containers [0:15]
allocate: TH9[0:15] <- ingress::hdr.inner_ipv4.src_addr<32> ^0 ^bit[0..111] deparsed exact_containers [16:31]
21: TRYING to allocate SUPERCLUSTER Uid: 309
    slice lists:	
        [ ingress::hdr.ipv4.ecn<2> ^0 ^bit[0..15] deparsed exact_containers [0:1]
          ingress::hdr.ipv4.dscp<6> ^2 ^bit[0..13] deparsed exact_containers [0:5]
          ingress::hdr.ipv4.ihl<4> ^0 ^bit[0..7] deparsed exact_containers [0:3]
          ingress::hdr.ipv4.version<4> ^4 ^bit[0..3] deparsed exact_containers [0:3] ]
    rotational clusters:	
        [[ingress::hdr.ipv4.ecn<2> ^0 ^bit[0..15] deparsed exact_containers [0:1]]]
        [[ingress::hdr.ipv4.dscp<6> ^2 ^bit[0..13] deparsed exact_containers [0:5]]]
        [[ingress::hdr.ipv4.ihl<4> ^0 ^bit[0..7] deparsed exact_containers [0:3]]]
        [[ingress::hdr.ipv4.version<4> ^4 ^bit[0..3] deparsed exact_containers [0:3]]]
Successfully Allocated
By slicing into the following superclusters:
SUPERCLUSTER Uid: 1087
    slice lists:	
        [ ingress::hdr.ipv4.ecn<2> ^0 ^bit[0..15] deparsed exact_containers [0:1]
          ingress::hdr.ipv4.dscp<6> ^2 ^bit[0..13] deparsed exact_containers [0:5]
          ingress::hdr.ipv4.ihl<4> ^0 ^bit[0..7] deparsed exact_containers [0:3]
          ingress::hdr.ipv4.version<4> ^4 ^bit[0..3] deparsed exact_containers [0:3] ]
    rotational clusters:	
        [[ingress::hdr.ipv4.ecn<2> ^0 ^bit[0..15] deparsed exact_containers [0:1]]]
        [[ingress::hdr.ipv4.dscp<6> ^2 ^bit[0..13] deparsed exact_containers [0:5]]]
        [[ingress::hdr.ipv4.ihl<4> ^0 ^bit[0..7] deparsed exact_containers [0:3]]]
        [[ingress::hdr.ipv4.version<4> ^4 ^bit[0..3] deparsed exact_containers [0:3]]]

Best Score: {T[n_set_parser_group_gress: 1, n_inc_containers: 1, ], }
Allocation Decisions:
allocate: TH10[0:1] <- ingress::hdr.ipv4.ecn<2> ^0 ^bit[0..15] deparsed exact_containers [0:1]
allocate: TH10[2:7] <- ingress::hdr.ipv4.dscp<6> ^2 ^bit[0..13] deparsed exact_containers [0:5]
allocate: TH10[8:11] <- ingress::hdr.ipv4.ihl<4> ^0 ^bit[0..7] deparsed exact_containers [0:3]
allocate: TH10[12:15] <- ingress::hdr.ipv4.version<4> ^4 ^bit[0..3] deparsed exact_containers [0:3]
22: TRYING to allocate SUPERCLUSTER Uid: 393
    slice lists:	
        [ ingress::hdr.inner_ipv4.ecn<2> ^0 ^bit[0..15] deparsed exact_containers [0:1]
          ingress::hdr.inner_ipv4.dscp<6> ^2 ^bit[0..13] deparsed exact_containers [0:5]
          ingress::hdr.inner_ipv4.ihl<4> ^0 ^bit[0..7] deparsed exact_containers [0:3]
          ingress::hdr.inner_ipv4.version<4> ^4 ^bit[0..3] deparsed exact_containers [0:3] ]
    rotational clusters:	
        [[ingress::hdr.inner_ipv4.ecn<2> ^0 ^bit[0..15] deparsed exact_containers [0:1]]]
        [[ingress::hdr.inner_ipv4.dscp<6> ^2 ^bit[0..13] deparsed exact_containers [0:5]]]
        [[ingress::hdr.inner_ipv4.ihl<4> ^0 ^bit[0..7] deparsed exact_containers [0:3]]]
        [[ingress::hdr.inner_ipv4.version<4> ^4 ^bit[0..3] deparsed exact_containers [0:3]]]
Successfully Allocated
By slicing into the following superclusters:
SUPERCLUSTER Uid: 1094
    slice lists:	
        [ ingress::hdr.inner_ipv4.ecn<2> ^0 ^bit[0..15] deparsed exact_containers [0:1]
          ingress::hdr.inner_ipv4.dscp<6> ^2 ^bit[0..13] deparsed exact_containers [0:5]
          ingress::hdr.inner_ipv4.ihl<4> ^0 ^bit[0..7] deparsed exact_containers [0:3]
          ingress::hdr.inner_ipv4.version<4> ^4 ^bit[0..3] deparsed exact_containers [0:3] ]
    rotational clusters:	
        [[ingress::hdr.inner_ipv4.ecn<2> ^0 ^bit[0..15] deparsed exact_containers [0:1]]]
        [[ingress::hdr.inner_ipv4.dscp<6> ^2 ^bit[0..13] deparsed exact_containers [0:5]]]
        [[ingress::hdr.inner_ipv4.ihl<4> ^0 ^bit[0..7] deparsed exact_containers [0:3]]]
        [[ingress::hdr.inner_ipv4.version<4> ^4 ^bit[0..3] deparsed exact_containers [0:3]]]

Best Score: {T[n_set_parser_group_gress: 1, n_inc_containers: 1, ], }
Allocation Decisions:
allocate: TH11[0:1] <- ingress::hdr.inner_ipv4.ecn<2> ^0 ^bit[0..15] deparsed exact_containers [0:1]
allocate: TH11[2:7] <- ingress::hdr.inner_ipv4.dscp<6> ^2 ^bit[0..13] deparsed exact_containers [0:5]
allocate: TH11[8:11] <- ingress::hdr.inner_ipv4.ihl<4> ^0 ^bit[0..7] deparsed exact_containers [0:3]
allocate: TH11[12:15] <- ingress::hdr.inner_ipv4.version<4> ^4 ^bit[0..3] deparsed exact_containers [0:3]
23: TRYING to allocate SUPERCLUSTER Uid: 284
    slice lists:	
        [ ingress::hdr.ethernet.ether_type<16> ^0 ^bit[0..239] deparsed exact_containers [0:15] ]
    rotational clusters:	
        [[ingress::hdr.ethernet.ether_type<16> ^0 ^bit[0..239] deparsed exact_containers [0:15]]]
Successfully Allocated
By slicing into the following superclusters:
SUPERCLUSTER Uid: 1106
    slice lists:	
        [ ingress::hdr.ethernet.ether_type<16> ^0 ^bit[0..239] deparsed exact_containers [0:7] ]
    rotational clusters:	
        [[ingress::hdr.ethernet.ether_type<16> ^0 ^bit[0..239] deparsed exact_containers [0:7]]]

SUPERCLUSTER Uid: 1107
    slice lists:	
        [ ingress::hdr.ethernet.ether_type<16> ^0 ^bit[0..231] deparsed exact_containers [8:15] ]
    rotational clusters:	
        [[ingress::hdr.ethernet.ether_type<16> ^0 ^bit[0..231] deparsed exact_containers [8:15]]]

Best Score: {T[n_set_parser_group_gress: 2, n_inc_containers: 2, ], }
Allocation Decisions:
allocate: TB4[0:7] <- ingress::hdr.ethernet.ether_type<16> ^0 ^bit[0..239] deparsed exact_containers [0:7]
allocate: TB5[0:7] <- ingress::hdr.ethernet.ether_type<16> ^0 ^bit[0..231] deparsed exact_containers [8:15]
24: TRYING to allocate SUPERCLUSTER Uid: 291
    slice lists:	
        [ ingress::hdr.ethernet.src_addr<48> ^0 ^bit[0..191] deparsed exact_containers [32:47] ]
    rotational clusters:	
        [[ingress::hdr.ethernet.src_addr<48> ^0 ^bit[0..191] deparsed exact_containers [32:47]]]
Successfully Allocated
By slicing into the following superclusters:
SUPERCLUSTER Uid: 1117
    slice lists:	
        [ ingress::hdr.ethernet.src_addr<48> ^0 ^bit[0..191] deparsed exact_containers [32:39] ]
    rotational clusters:	
        [[ingress::hdr.ethernet.src_addr<48> ^0 ^bit[0..191] deparsed exact_containers [32:39]]]

SUPERCLUSTER Uid: 1118
    slice lists:	
        [ ingress::hdr.ethernet.src_addr<48> ^0 ^bit[0..183] deparsed exact_containers [40:47] ]
    rotational clusters:	
        [[ingress::hdr.ethernet.src_addr<48> ^0 ^bit[0..183] deparsed exact_containers [40:47]]]

Best Score: {T[n_set_parser_group_gress: 2, n_inc_containers: 2, ], }
Allocation Decisions:
allocate: TB6[0:7] <- ingress::hdr.ethernet.src_addr<48> ^0 ^bit[0..191] deparsed exact_containers [32:39]
allocate: TB7[0:7] <- ingress::hdr.ethernet.src_addr<48> ^0 ^bit[0..183] deparsed exact_containers [40:47]
25: TRYING to allocate SUPERCLUSTER Uid: 299
    slice lists:	
        [ ingress::hdr.ethernet.dst_addr<48> ^0 ^bit[0..143] deparsed exact_containers [32:47] ]
    rotational clusters:	
        [[ingress::hdr.ethernet.dst_addr<48> ^0 ^bit[0..143] deparsed exact_containers [32:47]]]
Successfully Allocated
By slicing into the following superclusters:
SUPERCLUSTER Uid: 1123
    slice lists:	
        [ ingress::hdr.ethernet.dst_addr<48> ^0 ^bit[0..143] deparsed exact_containers [32:47] ]
    rotational clusters:	
        [[ingress::hdr.ethernet.dst_addr<48> ^0 ^bit[0..143] deparsed exact_containers [32:47]]]

Best Score: {n_inc_tphv_collections: 1, T[n_set_gress: 1, n_set_parser_group_gress: 1, n_set_deparser_group_gress: 1, n_inc_containers: 1, ], }
Allocation Decisions:
allocate: TH12[0:15] <- ingress::hdr.ethernet.dst_addr<48> ^0 ^bit[0..143] deparsed exact_containers [32:47]
26: TRYING to allocate SUPERCLUSTER Uid: 364
    slice lists:	
        [ ingress::hdr.inner_ethernet.ether_type<16> ^0 ^bit[0..175] deparsed exact_containers [0:15] ]
    rotational clusters:	
        [[ingress::hdr.inner_ethernet.ether_type<16> ^0 ^bit[0..175] deparsed exact_containers [0:15]]]
Successfully Allocated
By slicing into the following superclusters:
SUPERCLUSTER Uid: 1134
    slice lists:	
        [ ingress::hdr.inner_ethernet.ether_type<16> ^0 ^bit[0..175] deparsed exact_containers [0:15] ]
    rotational clusters:	
        [[ingress::hdr.inner_ethernet.ether_type<16> ^0 ^bit[0..175] deparsed exact_containers [0:15]]]

Best Score: {T[n_set_parser_group_gress: 1, n_inc_containers: 1, ], }
Allocation Decisions:
allocate: TH13[0:15] <- ingress::hdr.inner_ethernet.ether_type<16> ^0 ^bit[0..175] deparsed exact_containers [0:15]
27: TRYING to allocate SUPERCLUSTER Uid: 371
    slice lists:	
        [ ingress::hdr.inner_ethernet.src_addr<48> ^0 ^bit[0..127] deparsed exact_containers [32:47] ]
    rotational clusters:	
        [[ingress::hdr.inner_ethernet.src_addr<48> ^0 ^bit[0..127] deparsed exact_containers [32:47]]]
Successfully Allocated
By slicing into the following superclusters:
SUPERCLUSTER Uid: 1145
    slice lists:	
        [ ingress::hdr.inner_ethernet.src_addr<48> ^0 ^bit[0..127] deparsed exact_containers [32:47] ]
    rotational clusters:	
        [[ingress::hdr.inner_ethernet.src_addr<48> ^0 ^bit[0..127] deparsed exact_containers [32:47]]]

Best Score: {T[n_set_parser_group_gress: 1, n_inc_containers: 1, ], }
Allocation Decisions:
allocate: TH14[0:15] <- ingress::hdr.inner_ethernet.src_addr<48> ^0 ^bit[0..127] deparsed exact_containers [32:47]
28: TRYING to allocate SUPERCLUSTER Uid: 379
    slice lists:	
        [ ingress::hdr.inner_ethernet.dst_addr<48> ^0 ^bit[0..79] deparsed exact_containers [32:47] ]
    rotational clusters:	
        [[ingress::hdr.inner_ethernet.dst_addr<48> ^0 ^bit[0..79] deparsed exact_containers [32:47]]]
Successfully Allocated
By slicing into the following superclusters:
SUPERCLUSTER Uid: 1156
    slice lists:	
        [ ingress::hdr.inner_ethernet.dst_addr<48> ^0 ^bit[0..79] deparsed exact_containers [32:47] ]
    rotational clusters:	
        [[ingress::hdr.inner_ethernet.dst_addr<48> ^0 ^bit[0..79] deparsed exact_containers [32:47]]]

Best Score: {T[n_set_parser_group_gress: 1, n_inc_containers: 1, ], }
Allocation Decisions:
allocate: TH15[0:15] <- ingress::hdr.inner_ethernet.dst_addr<48> ^0 ^bit[0..79] deparsed exact_containers [32:47]
29: TRYING to allocate SUPERCLUSTER Uid: 423
    slice lists:	
        [ ingress::hdr.ethernet.$valid<1> pov [0:0]
          ingress::hdr.ipv4.$valid<1> pov [0:0]
          ingress::hdr.udp.$valid<1> pov [0:0]
          ingress::hdr.vxlan.$valid<1> pov [0:0]
          ingress::hdr.inner_ethernet.$valid<1> pov [0:0]
          ingress::hdr.inner_ipv4.$valid<1> pov [0:0] ]
    rotational clusters:	
        [[ingress::hdr.ethernet.$valid<1> pov [0:0]]]
        [[ingress::hdr.ipv4.$valid<1> pov [0:0]]]
        [[ingress::hdr.udp.$valid<1> pov [0:0]]]
        [[ingress::hdr.vxlan.$valid<1> pov [0:0]]]
        [[ingress::hdr.inner_ethernet.$valid<1> pov [0:0]]]
        [[ingress::hdr.inner_ipv4.$valid<1> pov [0:0]]]
Successfully Allocated
By slicing into the following superclusters:
SUPERCLUSTER Uid: 1166
    slice lists:	
        [ ingress::hdr.ethernet.$valid<1> pov [0:0]
          ingress::hdr.ipv4.$valid<1> pov [0:0]
          ingress::hdr.udp.$valid<1> pov [0:0]
          ingress::hdr.vxlan.$valid<1> pov [0:0]
          ingress::hdr.inner_ethernet.$valid<1> pov [0:0]
          ingress::hdr.inner_ipv4.$valid<1> pov [0:0] ]
    rotational clusters:	
        [[ingress::hdr.ethernet.$valid<1> pov [0:0]]]
        [[ingress::hdr.ipv4.$valid<1> pov [0:0]]]
        [[ingress::hdr.udp.$valid<1> pov [0:0]]]
        [[ingress::hdr.vxlan.$valid<1> pov [0:0]]]
        [[ingress::hdr.inner_ethernet.$valid<1> pov [0:0]]]
        [[ingress::hdr.inner_ipv4.$valid<1> pov [0:0]]]

Best Score: {[n_inc_containers: 1, n_inc_small_containers: 1, ], }
Allocation Decisions:
allocate: B2[0:0] <- ingress::hdr.ethernet.$valid<1> pov [0:0]
allocate: B2[1:1] <- ingress::hdr.ipv4.$valid<1> pov [0:0]
allocate: B2[2:2] <- ingress::hdr.udp.$valid<1> pov [0:0]
allocate: B2[3:3] <- ingress::hdr.vxlan.$valid<1> pov [0:0]
allocate: B2[4:4] <- ingress::hdr.inner_ethernet.$valid<1> pov [0:0]
allocate: B2[5:5] <- ingress::hdr.inner_ipv4.$valid<1> pov [0:0]
30: TRYING to allocate SUPERCLUSTER Uid: 343
    slice lists:	
        [ ingress::ig_md.time_stamp<48> ^0 meta [0:31] ]
        [ ingress::ig_intr_md.ingress_mac_tstamp<48> ^0 ^bit[0..63] intrinsic [0:31] ]
    rotational clusters:	
        [[ingress::ig_md.time_stamp<48> ^0 meta [0:31]], [ingress::ig_intr_md.ingress_mac_tstamp<48> ^0 ^bit[0..63] intrinsic [0:31]]]
Successfully Allocated
By slicing into the following superclusters:
SUPERCLUSTER Uid: 1172
    slice lists:	
        [ ingress::ig_md.time_stamp<48> ^0 meta [0:31] ]
        [ ingress::ig_intr_md.ingress_mac_tstamp<48> ^0 ^bit[0..63] intrinsic [0:31] ]
    rotational clusters:	
        [[ingress::ig_md.time_stamp<48> ^0 meta [0:31]], [ingress::ig_intr_md.ingress_mac_tstamp<48> ^0 ^bit[0..63] intrinsic [0:31]]]

Best Score: {[n_inc_containers: 2, ], }
Allocation Decisions:
allocate: W5[0:31] <- ingress::ig_intr_md.ingress_mac_tstamp<48> ^0 ^bit[0..63] intrinsic [0:31]
allocate: W6[0:31] <- ingress::ig_md.time_stamp<48> ^0 meta [0:31]
31: TRYING to allocate SUPERCLUSTER Uid: 323
    slice lists:	[ ]
    rotational clusters:	
        [[ingress::ig_md.pkt_n_c<32> ^0 meta [0:31]]]
Successfully Allocated
By slicing into the following superclusters:
SUPERCLUSTER Uid: 1387
    slice lists:	[ ]
    rotational clusters:	
        [[ingress::ig_md.pkt_n_c<32> ^0 meta [0:31]]]

Best Score: {[n_inc_containers: 1, ], }
Allocation Decisions:
allocate: W7[0:31] <- ingress::ig_md.pkt_n_c<32> ^0 meta [0:31]
32: TRYING to allocate SUPERCLUSTER Uid: 321
    slice lists:	[ ]
    rotational clusters:	
        [[ingress::ig_md.src_addr<32> ^0 ^bit[0..127] meta [0:31]]]
Successfully Allocated
By slicing into the following superclusters:
SUPERCLUSTER Uid: 1455
    slice lists:	[ ]
    rotational clusters:	
        [[ingress::ig_md.src_addr<32> ^0 ^bit[0..127] meta [0:31]]]

Best Score: {[n_inc_containers: 1, ], }
Allocation Decisions:
allocate: W8[0:31] <- ingress::ig_md.src_addr<32> ^0 ^bit[0..127] meta [0:31]
33: TRYING to allocate SUPERCLUSTER Uid: 322
    slice lists:	[ ]
    rotational clusters:	
        [[ingress::ig_md.dst_addr<32> ^0 ^bit[0..159] meta [0:31]]]
Successfully Allocated
By slicing into the following superclusters:
SUPERCLUSTER Uid: 1523
    slice lists:	[ ]
    rotational clusters:	
        [[ingress::ig_md.dst_addr<32> ^0 ^bit[0..159] meta [0:31]]]

Best Score: {[n_inc_containers: 1, ], }
Allocation Decisions:
allocate: W9[0:31] <- ingress::ig_md.dst_addr<32> ^0 ^bit[0..159] meta [0:31]
34: TRYING to allocate SUPERCLUSTER Uid: 310
    slice lists:	
        [ ingress::hdr.ipv4.hdr_checksum<16> ^0 ^bit[0..95] [0:15] ]
    rotational clusters:	
        [[ingress::hdr.ipv4.hdr_checksum<16> ^0 ^bit[0..95] [0:15]]]
Successfully Allocated
By slicing into the following superclusters:
SUPERCLUSTER Uid: 1595
    slice lists:	
        [ ingress::hdr.ipv4.hdr_checksum<16> ^0 ^bit[0..95] [0:15] ]
    rotational clusters:	
        [[ingress::hdr.ipv4.hdr_checksum<16> ^0 ^bit[0..95] [0:15]]]

Best Score: {T[n_set_parser_group_gress: 1, n_inc_containers: 1, ], }
Allocation Decisions:
allocate: TW8[0:15] <- ingress::hdr.ipv4.hdr_checksum<16> ^0 ^bit[0..95] [0:15]
35: TRYING to allocate SUPERCLUSTER Uid: 394
    slice lists:	
        [ ingress::hdr.inner_ipv4.hdr_checksum<16> ^0 ^bit[0..95] [0:15] ]
    rotational clusters:	
        [[ingress::hdr.inner_ipv4.hdr_checksum<16> ^0 ^bit[0..95] [0:15]]]
Successfully Allocated
By slicing into the following superclusters:
SUPERCLUSTER Uid: 1606
    slice lists:	
        [ ingress::hdr.inner_ipv4.hdr_checksum<16> ^0 ^bit[0..95] [0:15] ]
    rotational clusters:	
        [[ingress::hdr.inner_ipv4.hdr_checksum<16> ^0 ^bit[0..95] [0:15]]]

Best Score: {T[n_set_parser_group_gress: 1, n_inc_containers: 1, ], }
Allocation Decisions:
allocate: TW9[0:15] <- ingress::hdr.inner_ipv4.hdr_checksum<16> ^0 ^bit[0..95] [0:15]
36: TRYING to allocate SUPERCLUSTER Uid: 329
    slice lists:	[ ]
    rotational clusters:	
        [[ingress::ig_md.eflag<1> meta [0:0]]]
Successfully Allocated
By slicing into the following superclusters:
SUPERCLUSTER Uid: 1613
    slice lists:	[ ]
    rotational clusters:	
        [[ingress::ig_md.eflag<1> meta [0:0]]]

Best Score: {[n_packing_bits: 1, n_packing_priority: 100000, ], }
Allocation Decisions:
allocate: B1[1:1] <- ingress::ig_md.eflag<1> meta [0:0]
37: TRYING to allocate SUPERCLUSTER Uid: 403
    slice lists:	
        [ egress::eg_intr_md.pkt_length<16> intrinsic [0:15]
          egress::eg_intr_md.deflection_flag<1> intrinsic [0:0]
          egress::eg_intr_md._pad10<7> intrinsic [0:6]
          egress::eg_intr_md.egress_cos<3> intrinsic [0:2]
          egress::eg_intr_md._pad9<5> intrinsic [0:4] ]
    rotational clusters:	
        [[egress::eg_intr_md.pkt_length<16> intrinsic [0:15]]]
        [[egress::eg_intr_md.deflection_flag<1> intrinsic [0:0]]]
        [[egress::eg_intr_md._pad10<7> intrinsic [0:6]]]
        [[egress::eg_intr_md.egress_cos<3> intrinsic [0:2]]]
        [[egress::eg_intr_md._pad9<5> intrinsic [0:4]]]
Successfully Allocated
By slicing into the following superclusters:
SUPERCLUSTER Uid: 1618
    slice lists:	
        [ egress::eg_intr_md.pkt_length<16> intrinsic [0:15]
          egress::eg_intr_md.deflection_flag<1> intrinsic [0:0]
          egress::eg_intr_md._pad10<7> intrinsic [0:6]
          egress::eg_intr_md.egress_cos<3> intrinsic [0:2]
          egress::eg_intr_md._pad9<5> intrinsic [0:4] ]
    rotational clusters:	
        [[egress::eg_intr_md.pkt_length<16> intrinsic [0:15]]]
        [[egress::eg_intr_md.deflection_flag<1> intrinsic [0:0]]]
        [[egress::eg_intr_md._pad10<7> intrinsic [0:6]]]
        [[egress::eg_intr_md.egress_cos<3> intrinsic [0:2]]]
        [[egress::eg_intr_md._pad9<5> intrinsic [0:4]]]

Best Score: {}
Allocation Decisions:
38: TRYING to allocate SUPERCLUSTER Uid: 405
    slice lists:	
        [ egress::eg_intr_md.egress_qid<5> intrinsic [0:4]
          egress::eg_intr_md._pad8<3> intrinsic [0:2]
          egress::eg_intr_md.egress_rid_first<1> intrinsic [0:0]
          egress::eg_intr_md._pad7<7> intrinsic [0:6]
          egress::eg_intr_md.egress_rid<16> intrinsic [0:15] ]
    rotational clusters:	
        [[egress::eg_intr_md.egress_qid<5> intrinsic [0:4]]]
        [[egress::eg_intr_md._pad8<3> intrinsic [0:2]]]
        [[egress::eg_intr_md.egress_rid_first<1> intrinsic [0:0]]]
        [[egress::eg_intr_md._pad7<7> intrinsic [0:6]]]
        [[egress::eg_intr_md.egress_rid<16> intrinsic [0:15]]]
Successfully Allocated
By slicing into the following superclusters:
SUPERCLUSTER Uid: 1642
    slice lists:	
        [ egress::eg_intr_md.egress_qid<5> intrinsic [0:4]
          egress::eg_intr_md._pad8<3> intrinsic [0:2]
          egress::eg_intr_md.egress_rid_first<1> intrinsic [0:0]
          egress::eg_intr_md._pad7<7> intrinsic [0:6]
          egress::eg_intr_md.egress_rid<16> intrinsic [0:15] ]
    rotational clusters:	
        [[egress::eg_intr_md.egress_qid<5> intrinsic [0:4]]]
        [[egress::eg_intr_md._pad8<3> intrinsic [0:2]]]
        [[egress::eg_intr_md.egress_rid_first<1> intrinsic [0:0]]]
        [[egress::eg_intr_md._pad7<7> intrinsic [0:6]]]
        [[egress::eg_intr_md.egress_rid<16> intrinsic [0:15]]]

Best Score: {}
Allocation Decisions:
39: TRYING to allocate SUPERCLUSTER Uid: 415
    slice lists:	
        [ egress::eg_intr_md.deq_qdepth<19> intrinsic [0:18]
          egress::eg_intr_md._pad4<5> intrinsic [0:4]
          egress::eg_intr_md.enq_tstamp<18> intrinsic [0:7] ]
    rotational clusters:	
        [[egress::eg_intr_md.deq_qdepth<19> intrinsic [0:18]]]
        [[egress::eg_intr_md._pad4<5> intrinsic [0:4]]]
        [[egress::eg_intr_md.enq_tstamp<18> intrinsic [0:7]]]
Successfully Allocated
By slicing into the following superclusters:
SUPERCLUSTER Uid: 1674
    slice lists:	
        [ egress::eg_intr_md.deq_qdepth<19> intrinsic [0:18]
          egress::eg_intr_md._pad4<5> intrinsic [0:4]
          egress::eg_intr_md.enq_tstamp<18> intrinsic [0:7] ]
    rotational clusters:	
        [[egress::eg_intr_md.deq_qdepth<19> intrinsic [0:18]]]
        [[egress::eg_intr_md._pad4<5> intrinsic [0:4]]]
        [[egress::eg_intr_md.enq_tstamp<18> intrinsic [0:7]]]

Best Score: {}
Allocation Decisions:
40: TRYING to allocate SUPERCLUSTER Uid: 417
    slice lists:	
        [ egress::eg_intr_md.enq_tstamp<18> intrinsic [8:17]
          egress::eg_intr_md._pad3<14> intrinsic [0:13]
          egress::eg_intr_md.enq_congest_stat<2> intrinsic [0:1]
          egress::eg_intr_md._pad2<6> intrinsic [0:5] ]
    rotational clusters:	
        [[egress::eg_intr_md.enq_tstamp<18> intrinsic [8:17]]]
        [[egress::eg_intr_md._pad3<14> intrinsic [0:13]]]
        [[egress::eg_intr_md.enq_congest_stat<2> intrinsic [0:1]]]
        [[egress::eg_intr_md._pad2<6> intrinsic [0:5]]]
Successfully Allocated
By slicing into the following superclusters:
SUPERCLUSTER Uid: 1706
    slice lists:	
        [ egress::eg_intr_md.enq_tstamp<18> intrinsic [8:17]
          egress::eg_intr_md._pad3<14> intrinsic [0:13]
          egress::eg_intr_md.enq_congest_stat<2> intrinsic [0:1]
          egress::eg_intr_md._pad2<6> intrinsic [0:5] ]
    rotational clusters:	
        [[egress::eg_intr_md.enq_tstamp<18> intrinsic [8:17]]]
        [[egress::eg_intr_md._pad3<14> intrinsic [0:13]]]
        [[egress::eg_intr_md.enq_congest_stat<2> intrinsic [0:1]]]
        [[egress::eg_intr_md._pad2<6> intrinsic [0:5]]]

Best Score: {}
Allocation Decisions:
41: TRYING to allocate SUPERCLUSTER Uid: 409
    slice lists:	
        [ egress::eg_intr_md.app_pool_congest_stat<8> intrinsic [0:7]
          egress::eg_intr_md.deq_congest_stat<2> intrinsic [0:1]
          egress::eg_intr_md._pad5<6> intrinsic [0:5] ]
    rotational clusters:	
        [[egress::eg_intr_md.app_pool_congest_stat<8> intrinsic [0:7]]]
        [[egress::eg_intr_md.deq_congest_stat<2> intrinsic [0:1]]]
        [[egress::eg_intr_md._pad5<6> intrinsic [0:5]]]
Successfully Allocated
By slicing into the following superclusters:
SUPERCLUSTER Uid: 1738
    slice lists:	
        [ egress::eg_intr_md.app_pool_congest_stat<8> intrinsic [0:7]
          egress::eg_intr_md.deq_congest_stat<2> intrinsic [0:1]
          egress::eg_intr_md._pad5<6> intrinsic [0:5] ]
    rotational clusters:	
        [[egress::eg_intr_md.app_pool_congest_stat<8> intrinsic [0:7]]]
        [[egress::eg_intr_md.deq_congest_stat<2> intrinsic [0:1]]]
        [[egress::eg_intr_md._pad5<6> intrinsic [0:5]]]

Best Score: {}
Allocation Decisions:
42: TRYING to allocate SUPERCLUSTER Uid: 407
    slice lists:	
        [ egress::eg_intr_md.deq_timedelta<18> intrinsic [0:17]
          egress::eg_intr_md._pad6<14> intrinsic [0:13] ]
    rotational clusters:	
        [[egress::eg_intr_md.deq_timedelta<18> intrinsic [0:17]]]
        [[egress::eg_intr_md._pad6<14> intrinsic [0:13]]]
Successfully Allocated
By slicing into the following superclusters:
SUPERCLUSTER Uid: 1745
    slice lists:	
        [ egress::eg_intr_md.deq_timedelta<18> intrinsic [0:17]
          egress::eg_intr_md._pad6<14> intrinsic [0:13] ]
    rotational clusters:	
        [[egress::eg_intr_md.deq_timedelta<18> intrinsic [0:17]]]
        [[egress::eg_intr_md._pad6<14> intrinsic [0:13]]]

Best Score: {}
Allocation Decisions:
43: TRYING to allocate SUPERCLUSTER Uid: 419
    slice lists:	
        [ egress::eg_intr_md.enq_qdepth<19> intrinsic [0:18]
          egress::eg_intr_md._pad1<5> intrinsic [0:4] ]
    rotational clusters:	
        [[egress::eg_intr_md.enq_qdepth<19> intrinsic [0:18]]]
        [[egress::eg_intr_md._pad1<5> intrinsic [0:4]]]
Successfully Allocated
By slicing into the following superclusters:
SUPERCLUSTER Uid: 1789
    slice lists:	
        [ egress::eg_intr_md.enq_qdepth<19> intrinsic [0:18]
          egress::eg_intr_md._pad1<5> intrinsic [0:4] ]
    rotational clusters:	
        [[egress::eg_intr_md.enq_qdepth<19> intrinsic [0:18]]]
        [[egress::eg_intr_md._pad1<5> intrinsic [0:4]]]

Best Score: {}
Allocation Decisions:
44: TRYING to allocate SUPERCLUSTER Uid: 324
    slice lists:	[ ]
    rotational clusters:	
        [[ingress::ig_md.hash_index<16> meta [0:15]]]
Successfully Allocated
By slicing into the following superclusters:
SUPERCLUSTER Uid: 1809
    slice lists:	[ ]
    rotational clusters:	
        [[ingress::ig_md.hash_index<16> meta [0:15]]]

Best Score: {[n_inc_containers: 1, n_inc_small_containers: 1, ], }
Allocation Decisions:
allocate: H0[0:15] <- ingress::ig_md.hash_index<16> meta [0:15]
45: TRYING to allocate SUPERCLUSTER Uid: 325
    slice lists:	[ ]
    rotational clusters:	
        [[ingress::ig_md.fingerprint<16> meta [0:15]]]
Successfully Allocated
By slicing into the following superclusters:
SUPERCLUSTER Uid: 1816
    slice lists:	[ ]
    rotational clusters:	
        [[ingress::ig_md.fingerprint<16> meta [0:15]]]

Best Score: {[n_inc_containers: 1, n_inc_small_containers: 1, ], }
Allocation Decisions:
allocate: H1[0:15] <- ingress::ig_md.fingerprint<16> meta [0:15]
46: TRYING to allocate SUPERCLUSTER Uid: 327
    slice lists:	[ ]
    rotational clusters:	
        [[ingress::ig_md.cs_count<8> meta [0:7]]]
Successfully Allocated
By slicing into the following superclusters:
SUPERCLUSTER Uid: 1823
    slice lists:	[ ]
    rotational clusters:	
        [[ingress::ig_md.cs_count<8> meta [0:7]]]

Best Score: {[n_inc_containers: 1, n_inc_small_containers: 1, ], }
Allocation Decisions:
allocate: B3[0:7] <- ingress::ig_md.cs_count<8> meta [0:7]
47: TRYING to allocate SUPERCLUSTER Uid: 326
    slice lists:	[ ]
    rotational clusters:	
        [[ingress::ig_md.fp_cmp_re<1> meta [0:0]]]
Successfully Allocated
By slicing into the following superclusters:
SUPERCLUSTER Uid: 1824
    slice lists:	[ ]
    rotational clusters:	
        [[ingress::ig_md.fp_cmp_re<1> meta [0:0]]]

Best Score: {[n_packing_bits: 1, n_packing_priority: 100000, ], }
Allocation Decisions:
allocate: B1[2:2] <- ingress::ig_md.fp_cmp_re<1> meta [0:0]
48: TRYING to allocate SUPERCLUSTER Uid: 328
    slice lists:	[ ]
    rotational clusters:	
        [[ingress::ig_md.hash_index_done<1> meta [0:0]]]
Successfully Allocated
By slicing into the following superclusters:
SUPERCLUSTER Uid: 1825
    slice lists:	[ ]
    rotational clusters:	
        [[ingress::ig_md.hash_index_done<1> meta [0:0]]]

Best Score: {[n_packing_bits: 1, n_packing_priority: 100000, ], }
Allocation Decisions:
allocate: B2[6:6] <- ingress::ig_md.hash_index_done<1> meta [0:0]

