Table allocation done 1 time(s), state = INITIAL
Number of stages in table allocation: 5
  Number of stages for ingress table allocation: 5
  Number of stages for egress table allocation: 0
Critical path length through the table dependency graph: 5
Number of tables allocated: 9
+-------+--------------------------------------+
|Stage  |Table Name                            |
+-------+--------------------------------------+
|0      |ShcIngress.sk.get_hash_value_table    |
|0      |ShcIngress.route_tbl                  |
|0      |ShcIngress.sk.count_pkt_num_table     |
|1      |ShcIngress.sk.update_pkt_1_table      |
|2      |ShcIngress.sk.update_pkt_num_1_table  |
|3      |tbl_shc_real_time_sketch266           |
|3      |tbl_shc_real_time_sketch269           |
|4      |tbl_shc_real_time_sketch322           |
|4      |tbl_shc_real_time_sketch325           |
|0      |cond-5                                |
|2      |cond-6                                |
|3      |cond-7                                |
|4      |cond-8                                |
+-------+--------------------------------------+

